<?xml version="1.0" encoding="UTF-8"?>
<!-- Generated by org.testng.reporters.JUnitReportReporter -->
<testsuite skipped="0" hostname="LAPTOP-UBMGTFDD" name="UserTests" tests="4" failures="0" timestamp="2020-11-02T23:03:43 CST" time="3.330" errors="0">
  <testcase name="assert5" time="0.787" classname="UserTests"/>
  <system-out/>
  <testcase name="assert3" time="0.771" classname="UserTests"/>
  <system-out/>
  <testcase name="assert2" time="0.600" classname="UserTests"/>
  <system-out/>
  <testcase name="assert4" time="1.172" classname="UserTests"/>
  <system-out/>
</testsuite> <!-- UserTests -->
