<?xml version="1.0" encoding="UTF-8"?>
<!-- Generated by org.testng.reporters.JUnitReportReporter -->
<testsuite skipped="0" hostname="LAPTOP-UBMGTFDD" name="nonAPITest" tests="1" failures="0" timestamp="2020-11-02T23:03:43 CST" time="3.061" errors="0">
  <testcase name="assert1" time="3.061" classname="nonAPITest"/>
  <system-out/>
</testsuite> <!-- nonAPITest -->
